<?xml version="1.0" encoding="UTF-8"?>
<testsuite name="com.pismo.backtest.OperationsTypesTest" tests="2" skipped="0" failures="0" errors="0" timestamp="2022-09-28T20:37:42" hostname="dasa" time="0.022">
  <properties/>
  <testcase name="createOperationsTypes()" classname="com.pismo.backtest.OperationsTypesTest" time="0.016"/>
  <testcase name="mandatoryFilds()" classname="com.pismo.backtest.OperationsTypesTest" time="0.005"/>
  <system-out><![CDATA[Neither @ContextConfiguration nor @ContextHierarchy found for test class [com.pismo.backtest.OperationsTypesTest], using SpringBootContextLoader
Could not detect default resource locations for test class [com.pismo.backtest.OperationsTypesTest]: no resource found for suffixes {-context.xml, Context.groovy}.
Could not detect default configuration classes for test class [com.pismo.backtest.OperationsTypesTest]: OperationsTypesTest does not declare any static, non-private, non-final, nested classes annotated with @Configuration.
Found @SpringBootConfiguration com.pismo.backtest.BacktestApplication for test class com.pismo.backtest.OperationsTypesTest
Loaded default TestExecutionListener class names from location [META-INF/spring.factories]: [org.springframework.boot.test.autoconfigure.restdocs.RestDocsTestExecutionListener, org.springframework.boot.test.autoconfigure.web.client.MockRestServiceServerResetTestExecutionListener, org.springframework.boot.test.autoconfigure.web.servlet.MockMvcPrintOnlyOnFailureTestExecutionListener, org.springframework.boot.test.autoconfigure.web.servlet.WebDriverTestExecutionListener, org.springframework.boot.test.autoconfigure.webservices.client.MockWebServiceServerTestExecutionListener, org.springframework.boot.test.mock.mockito.MockitoTestExecutionListener, org.springframework.boot.test.mock.mockito.ResetMocksTestExecutionListener, org.springframework.test.context.web.ServletTestExecutionListener, org.springframework.test.context.support.DirtiesContextBeforeModesTestExecutionListener, org.springframework.test.context.event.ApplicationEventsTestExecutionListener, org.springframework.test.context.support.DependencyInjectionTestExecutionListener, org.springframework.test.context.support.DirtiesContextTestExecutionListener, org.springframework.test.context.transaction.TransactionalTestExecutionListener, org.springframework.test.context.jdbc.SqlScriptsTestExecutionListener, org.springframework.test.context.event.EventPublishingTestExecutionListener]
Using TestExecutionListeners: [org.springframework.test.context.web.ServletTestExecutionListener@16908f89, org.springframework.test.context.support.DirtiesContextBeforeModesTestExecutionListener@5ca8157c, org.springframework.test.context.event.ApplicationEventsTestExecutionListener@33cee31a, org.springframework.boot.test.mock.mockito.MockitoTestExecutionListener@e9fa0ea, org.springframework.boot.test.autoconfigure.SpringBootDependencyInjectionTestExecutionListener@1c619a77, org.springframework.test.context.support.DirtiesContextTestExecutionListener@7e7f72, org.springframework.test.context.transaction.TransactionalTestExecutionListener@446c8a54, org.springframework.test.context.jdbc.SqlScriptsTestExecutionListener@3787eac3, org.springframework.test.context.event.EventPublishingTestExecutionListener@27a57c66, org.springframework.boot.test.autoconfigure.restdocs.RestDocsTestExecutionListener@5453020f, org.springframework.boot.test.autoconfigure.web.client.MockRestServiceServerResetTestExecutionListener@744d0cfb, org.springframework.boot.test.autoconfigure.web.servlet.MockMvcPrintOnlyOnFailureTestExecutionListener@7c943143, org.springframework.boot.test.autoconfigure.web.servlet.WebDriverTestExecutionListener@705e24fb, org.springframework.boot.test.autoconfigure.webservices.client.MockWebServiceServerTestExecutionListener@3c511385, org.springframework.boot.test.mock.mockito.ResetMocksTestExecutionListener@20e7ea20]
]]></system-out>
  <system-err><![CDATA[]]></system-err>
</testsuite>
